GROUP,PACKAGE,CLASS,INSTRUCTION_MISSED,INSTRUCTION_COVERED,BRANCH_MISSED,BRANCH_COVERED,LINE_MISSED,LINE_COVERED,COMPLEXITY_MISSED,COMPLEXITY_COVERED,METHOD_MISSED,METHOD_COVERED
Student Registry System,com.student.validation,CompositeValidator,0,39,0,2,0,11,0,6,0,5
Student Registry System,com.student.validation,MinimumNameLengthValidator,0,22,0,2,0,7,0,4,0,3
Student Registry System,com.student.validation,MinimumGradeValidator,0,22,0,2,0,7,0,4,0,3
Student Registry System,com.student.model,HonorsStudent,12,81,1,13,2,20,2,13,1,7
Student Registry System,com.student.model,BaseStudent,6,45,2,8,1,12,3,7,1,4
Student Registry System,com.student.model,RegularStudent,8,57,0,12,1,13,1,10,1,4
Student Registry System,com.student,Student,4,51,1,5,1,11,2,8,1,6
Student Registry System,com.student,StudentManager,94,160,5,17,20,39,5,17,2,9
