GROUP,PACKAGE,CLASS,INSTRUCTION_MISSED,INSTRUCTION_COVERED,BRANCH_MISSED,BRANCH_COVERED,LINE_MISSED,LINE_COVERED,COMPLEXITY_MISSED,COMPLEXITY_COVERED,METHOD_MISSED,METHOD_COVERED
Student Registry System,com.student.validation,CompositeValidator,0,39,0,2,0,11,0,6,0,5
Student Registry System,com.student.validation,MinimumNameLengthValidator,0,22,0,2,0,7,0,4,0,3
Student Registry System,com.student.validation,MinimumGradeValidator,0,22,0,2,0,7,0,4,0,3
Student Registry System,com.student,Student,0,80,1,13,0,20,1,14,0,8
Student Registry System,com.student,StudentManager,48,99,2,10,13,26,2,12,1,7
