<?xml version="1.0" encoding="UTF-8"?>
<testsuite xmlns:xsi="http://www.w3.org/2001/XMLSchema-instance" xsi:noNamespaceSchemaLocation="https://maven.apache.org/surefire/maven-surefire-plugin/xsd/surefire-test-report-3.0.xsd" version="3.0" name="com.student.model.HonorsStudentTest" time="0.091" tests="10" errors="0" skipped="0" failures="0">
  <properties>
[...]
</properties>
  <testcase name="testStatusHonorsWithDistinction" classname="com.student.model.HonorsStudentTest" time="0.052"/>
  <testcase name="testStatusHonors" classname="com.student.model.HonorsStudentTest" time="0"/>
  <testcase name="testGradeCappedAt100" classname="com.student.model.HonorsStudentTest" time="0"/>
  <testcase name="testCreateHonorsStudent" classname="com.student.model.HonorsStudentTest" time="0"/>
  <testcase name="testGradeWithBonus" classname="com.student.model.HonorsStudentTest" time="0"/>
  <testcase name="testInvalidBaseGrade" classname="com.student.model.HonorsStudentTest" time="0.002"/>
  <testcase name="testStatusHighHonors" classname="com.student.model.HonorsStudentTest" time="0"/>
  <testcase name="testNegativeBonus" classname="com.student.model.HonorsStudentTest" time="0.001"/>
  <testcase name="testInvalidBonus" classname="com.student.model.HonorsStudentTest" time="0.001"/>
  <testcase name="testStatusHonorsCandidate" classname="com.student.model.HonorsStudentTest" time="0"/>
</testsuite>